<?xml version="1.0" encoding="UTF-8"?>
<!-- Generated by org.testng.reporters.JUnitReportReporter -->
<testsuite hostname="ANANDASBEASTLAPTOP" name="dataProvider_Annotation.XL_Dataprovider_method" tests="4" failures="0" timestamp="4 Jun 2024 14:38:25 GMT" time="0.013" errors="0">
  <testcase name="display_XLdata" time="0.000" classname="dataProvider_Annotation.XL_Dataprovider_method"/>
  <testcase name="display_XLdata" time="0.013" classname="dataProvider_Annotation.XL_Dataprovider_method"/>
  <testcase name="display_XLdata" time="0.000" classname="dataProvider_Annotation.XL_Dataprovider_method"/>
  <testcase name="display_XLdata" time="0.000" classname="dataProvider_Annotation.XL_Dataprovider_method"/>
</testsuite> <!-- dataProvider_Annotation.XL_Dataprovider_method -->
