<?xml version="1.0" encoding="UTF-8"?>
<!-- Generated by org.testng.reporters.JUnitReportReporter -->
<testsuite hostname="ANANDASBEASTLAPTOP" name="parallel_Testing.Test000" tests="1" failures="0" timestamp="9 Jul 2024 09:41:46 GMT" time="0.014" errors="0">
  <testcase name="testttt" time="0.014" classname="parallel_Testing.Test000"/>
</testsuite> <!-- parallel_Testing.Test000 -->
