<?xml version="1.0" encoding="UTF-8"?>
<!-- Generated by org.testng.reporters.JUnitReportReporter -->
<testsuite hostname="ANANDASBEASTLAPTOP" name="keyBoard_And_Mouse_Actions.Click_andHoldMethod_MouseAction" tests="1" failures="0" timestamp="3 Jun 2024 08:21:10 GMT" time="9.096" errors="0">
  <testcase name="clickAndHoldMouseAction" time="9.096" classname="keyBoard_And_Mouse_Actions.Click_andHoldMethod_MouseAction"/>
</testsuite> <!-- keyBoard_And_Mouse_Actions.Click_andHoldMethod_MouseAction -->
