<?xml version="1.0" encoding="UTF-8"?>
<!-- Generated by org.testng.reporters.JUnitReportReporter -->
<testsuite hostname="ANANDASBEASTLAPTOP" name="window_and_Tab_Handling.Tab_Handling" tests="1" failures="0" timestamp="12 Jun 2024 08:18:32 GMT" time="34.367" errors="0">
  <testcase name="tab_handling" time="34.367" classname="window_and_Tab_Handling.Tab_Handling"/>
</testsuite> <!-- window_and_Tab_Handling.Tab_Handling -->
