<?xml version="1.0" encoding="UTF-8"?>
<!-- Generated by org.testng.reporters.JUnitReportReporter -->
<testsuite hostname="ANANDASBEASTLAPTOP" name="basic_Code_Practice.Postcall_CreatingRecord" tests="3" failures="0" timestamp="3 Jun 2024 06:06:09 GMT" time="9.496" errors="0">
  <testcase name="put_call" time="3.994" classname="basic_Code_Practice.Postcall_CreatingRecord"/>
  <testcase name="post_Call_RecordCreation" time="3.719" classname="basic_Code_Practice.Postcall_CreatingRecord"/>
  <testcase name="get_Call" time="1.783" classname="basic_Code_Practice.Postcall_CreatingRecord"/>
</testsuite> <!-- basic_Code_Practice.Postcall_CreatingRecord -->
